<?xml version="1.0" encoding="UTF-8"?>
<!-- Generated by org.testng.reporters.JUnitReportReporter -->
<testsuite hostname="LAPTOP-PPUC8LJE" failures="0" tests="1" name="PracticeWebApplication.Nop_eCommerce" time="5.853" errors="0" timestamp="2023-09-04T13:50:27 IST" skipped="0">
  <testcase classname="PracticeWebApplication.Nop_eCommerce" name="nop_eComm" time="5.853"/>
</testsuite> <!-- PracticeWebApplication.Nop_eCommerce -->
