<?xml version="1.0" encoding="UTF-8"?>
<!-- Generated by org.testng.reporters.JUnitReportReporter -->
<testsuite hostname="LAPTOP-PPUC8LJE" failures="0" tests="8" name="TestNg.Priority_Invocation_Enabled" time="0.027" errors="0" timestamp="2023-09-01T11:24:57 IST" skipped="0">
  <testcase classname="TestNg.Priority_Invocation_Enabled" name="demo2" time="0.001"/>
  <testcase classname="TestNg.Priority_Invocation_Enabled" name="demo2" time="0.014"/>
  <testcase classname="TestNg.Priority_Invocation_Enabled" name="demo3" time="0.002"/>
  <testcase classname="TestNg.Priority_Invocation_Enabled" name="demo3" time="0.002"/>
  <testcase classname="TestNg.Priority_Invocation_Enabled" name="demo3" time="0.002"/>
  <testcase classname="TestNg.Priority_Invocation_Enabled" name="demo3" time="0.001"/>
  <testcase classname="TestNg.Priority_Invocation_Enabled" name="demo1" time="0.003"/>
  <testcase classname="TestNg.Priority_Invocation_Enabled" name="demo1" time="0.002"/>
</testsuite> <!-- TestNg.Priority_Invocation_Enabled -->
