<?xml version="1.0" encoding="UTF-8"?>
<!-- Generated by org.testng.reporters.JUnitReportReporter -->
<testsuite hostname="LAPTOP-PPUC8LJE" failures="0" tests="2" name="TestNg_Parallel.TestNg_CrossBrowser" time="12.953" errors="0" timestamp="2023-09-01T19:58:37 IST" skipped="0">
  <testcase classname="TestNg_Parallel.TestNg_CrossBrowser" name="facebook" time="7.904"/>
  <testcase classname="TestNg_Parallel.TestNg_CrossBrowser" name="facebook" time="5.049"/>
</testsuite> <!-- TestNg_Parallel.TestNg_CrossBrowser -->
