<?xml version="1.0" encoding="UTF-8"?>
<!-- Generated by org.testng.reporters.JUnitReportReporter -->
<testsuite hostname="LAPTOP-PPUC8LJE" failures="0" tests="1" name="TestNG_Groups.Sample1" time="0.001" errors="0" timestamp="2023-09-03T14:14:00 IST" skipped="0">
  <testcase classname="TestNG_Groups.Sample1" name="sample1_2" time="0.001"/>
</testsuite> <!-- TestNG_Groups.Sample1 -->
