<?xml version="1.0" encoding="UTF-8"?>
<!-- Generated by org.testng.reporters.JUnitReportReporter -->
<testsuite hostname="LAPTOP-PPUC8LJE" failures="0" tests="1" name="TestNg_Parallel.Amazon_P" time="8.430" errors="0" timestamp="2023-09-01T21:30:09 IST" skipped="0">
  <testcase classname="TestNg_Parallel.Amazon_P" name="amazon" time="8.430"/>
</testsuite> <!-- TestNg_Parallel.Amazon_P -->
