<?xml version="1.0" encoding="UTF-8"?>
<!-- Generated by org.testng.reporters.JUnitReportReporter -->
<testsuite hostname="LAPTOP-PPUC8LJE" failures="0" tests="1" name="TestNg_Sequential.Amazon_Sequential" time="7.732" errors="0" timestamp="2023-08-31T20:28:14 IST" skipped="0">
  <testcase classname="TestNg_Sequential.Amazon_Sequential" name="amazon" time="7.732"/>
</testsuite> <!-- TestNg_Sequential.Amazon_Sequential -->
