<?xml version="1.0" encoding="UTF-8"?>
<!-- Generated by org.testng.reporters.JUnitReportReporter -->
<testsuite hostname="LAPTOP-PPUC8LJE" failures="0" tests="1" name="PracticeWebApplication.MultipleSetData_TEST" time="0.012" errors="0" timestamp="2023-09-04T11:01:17 IST" skipped="0">
  <testcase classname="PracticeWebApplication.MultipleSetData_TEST" name="testWithData1" time="0.012"/>
</testsuite> <!-- PracticeWebApplication.MultipleSetData_TEST -->
