<?xml version="1.0" encoding="UTF-8"?>
<!-- Generated by org.testng.reporters.JUnitReportReporter -->
<testsuite hostname="LAPTOP-PPUC8LJE" failures="0" tests="2" name="TestNG_Annotations.Annotations" time="9.776" errors="0" timestamp="2023-09-01T20:25:04 IST" skipped="0">
  <testcase classname="TestNG_Annotations.Annotations" name="fb" time="4.268"/>
  <testcase classname="TestNG_Annotations.Annotations" name="amazon" time="5.508"/>
</testsuite> <!-- TestNG_Annotations.Annotations -->
