<?xml version="1.0" encoding="UTF-8"?>
<!-- Generated by org.testng.reporters.JUnitReportReporter -->
<testsuite hostname="LAPTOP-PPUC8LJE" failures="0" tests="3" name="TestNg.DataProvider_Ex" time="29.932" errors="0" timestamp="2023-09-03T14:46:59 IST" skipped="0">
  <testcase classname="TestNg.DataProvider_Ex" name="demo" time="10.567"/>
  <testcase classname="TestNg.DataProvider_Ex" name="demo" time="9.617"/>
  <testcase classname="TestNg.DataProvider_Ex" name="demo" time="9.748"/>
</testsuite> <!-- TestNg.DataProvider_Ex -->
