<?xml version="1.0" encoding="UTF-8"?>
<!-- Generated by org.testng.reporters.JUnitReportReporter -->
<testsuite hostname="LAPTOP-PPUC8LJE" failures="0" tests="5" name="TestNg_Sequential.Seq1" time="0.013" errors="0" timestamp="2023-09-05T16:32:43 IST" skipped="0">
  <testcase classname="TestNg_Sequential.Seq1" name="run2" time="0.001"/>
  <testcase classname="TestNg_Sequential.Seq1" name="run2" time="0.008"/>
  <testcase classname="TestNg_Sequential.Seq1" name="run" time="0.001"/>
  <testcase classname="TestNg_Sequential.Seq1" name="run" time="0.002"/>
  <testcase classname="TestNg_Sequential.Seq1" name="run" time="0.001"/>
</testsuite> <!-- TestNg_Sequential.Seq1 -->
