<?xml version="1.0" encoding="UTF-8"?>
<!-- Generated by org.testng.reporters.JUnitReportReporter -->
<testsuite hostname="LAPTOP-PPUC8LJE" failures="0" tests="1" name="TestNg_Sequential.Facebook_Sequential" time="6.326" errors="0" timestamp="2023-08-31T20:28:14 IST" skipped="0">
  <testcase classname="TestNg_Sequential.Facebook_Sequential" name="fb" time="6.326"/>
</testsuite> <!-- TestNg_Sequential.Facebook_Sequential -->
