<?xml version="1.0" encoding="UTF-8"?>
<!-- Generated by org.testng.reporters.JUnitReportReporter -->
<testsuite hostname="LAPTOP-PPUC8LJE" failures="0" tests="4" name="TestNG_Annotations.Annotations_Ex" time="0.019" errors="0" timestamp="2023-09-01T21:01:34 IST" skipped="0">
  <testcase classname="TestNG_Annotations.Annotations_Ex" name="test1" time="0.010"/>
  <testcase classname="TestNG_Annotations.Annotations_Ex" name="test2" time="0.003"/>
  <testcase classname="TestNG_Annotations.Annotations_Ex" name="test2" time="0.005"/>
  <testcase classname="TestNG_Annotations.Annotations_Ex" name="test1" time="0.001"/>
</testsuite> <!-- TestNG_Annotations.Annotations_Ex -->
