<?xml version="1.0" encoding="UTF-8"?>
<!-- Generated by org.testng.reporters.JUnitReportReporter -->
<testsuite hostname="LAPTOP-PPUC8LJE" failures="0" tests="2" name="TestNG_Fail.Amazon" time="6.939" errors="0" timestamp="2023-09-02T19:52:15 IST" skipped="0">
  <testcase classname="TestNG_Fail.Amazon" name="amazon" time="6.939"/>
  <testcase classname="TestNG_Fail.Amazon" name="test" time="0.000"/>
</testsuite> <!-- TestNG_Fail.Amazon -->
