<?xml version="1.0" encoding="UTF-8"?>
<!-- Generated by org.testng.reporters.JUnitReportReporter -->
<testsuite hostname="LAPTOP-PPUC8LJE" failures="0" tests="1" name="TestNg_Sequential.Amazon_" time="7.680" errors="0" timestamp="2023-09-01T19:35:30 IST" skipped="0">
  <testcase classname="TestNg_Sequential.Amazon_" name="amazon" time="7.680"/>
</testsuite> <!-- TestNg_Sequential.Amazon_ -->
