<?xml version="1.0" encoding="UTF-8"?>
<!-- Generated by org.testng.reporters.JUnitReportReporter -->
<testsuite hostname="LAPTOP-PPUC8LJE" failures="0" tests="1" name="TestNg_Parallel.Facebook_P" time="7.365" errors="0" timestamp="2023-09-01T21:30:09 IST" skipped="0">
  <testcase classname="TestNg_Parallel.Facebook_P" name="fb" time="7.365"/>
</testsuite> <!-- TestNg_Parallel.Facebook_P -->
