<?xml version="1.0" encoding="UTF-8"?>
<!-- Generated by org.testng.reporters.JUnitReportReporter -->
<testsuite hostname="LAPTOP-PPUC8LJE" failures="0" tests="1" name="TestNG_Fail.Facebook" time="5.192" errors="0" timestamp="2023-09-02T19:53:38 IST" skipped="0">
  <testcase classname="TestNG_Fail.Facebook" name="facebook" time="5.192"/>
</testsuite> <!-- TestNG_Fail.Facebook -->
