<?xml version="1.0" encoding="UTF-8"?>
<!-- Generated by org.testng.reporters.JUnitReportReporter -->
<testsuite hostname="LAPTOP-PPUC8LJE" failures="0" tests="2" name="TestNg.TestNG_Assertions" time="6.552" errors="0" timestamp="2023-09-02T19:24:14 IST" skipped="0">
  <testcase classname="TestNg.TestNG_Assertions" name="assertipns" time="6.551"/>
  <testcase classname="TestNg.TestNG_Assertions" name="demo" time="0.001"/>
</testsuite> <!-- TestNg.TestNG_Assertions -->
